app.js:1 Failed to load resource: net::ERR_FILE_NOT_FOUND
document
#document<!doctype html><html>​<head>​…​</head>​<body>​…​</body>​</html>​
document.getElementById('page-banner'
VM69:1 Uncaught SyntaxError: missing ) after argument list
document.getElementById('page-banner')
<div id=​"page-banner">​…​</div>​
var banner = document.getElementById('page-banner')
undefined
banner
<div id=​"page-banner">​…​</div>​
var bookList = document.getElementById('book-list')
undefined
bookList
<div id=​"book-list">​…​</div>​
document.getElementsByClassName('title')
HTMLCollection(2) [h1.title, h2.title]
var titles = document.getElementsByClassName('title')
undefined
titles
HTMLCollection(2) [h1.title, h2.title]0: h1.title1: h2.titlelength: 2__proto__: HTMLCollection
titles[0]
<h1 class=​"title">​Bookorama​</h1>​
titles[1]
<h2 class=​"title">​Books to Read​</h2>​
var lis = document.getElementsByTagName('li')
undefined
lis
HTMLCollection(4) [li, li, li, li]
lis[0]
<li>​<span class=​"name">​Name of the Wind​</span>​<span class=​"delete">​delete​</span>​</li>​
lis[2]
<li>​<span class=​"name">​Kafka on the Shore​</span>​<span class=​"delete">​delete​</span>​</li>​
